[16-Jan-2016 02:40:44 UTC] PHP Warning:  require(vendor/autoload.php): failed to open stream: No such file or directory in /home/ubuntu/workspace/resources/app/main.php on line 5
[16-Jan-2016 02:40:44 UTC] PHP Stack trace:
[16-Jan-2016 02:40:44 UTC] PHP   1. {main}() /home/ubuntu/workspace/resources/app/main.php:0
[16-Jan-2016 02:40:44 UTC] PHP Fatal error:  require(): Failed opening required 'vendor/autoload.php' (include_path='.:/usr/share/php:/usr/share/pear') in /home/ubuntu/workspace/resources/app/main.php on line 5
[16-Jan-2016 02:40:44 UTC] PHP Stack trace:
[16-Jan-2016 02:40:44 UTC] PHP   1. {main}() /home/ubuntu/workspace/resources/app/main.php:0
[16-Jan-2016 02:45:23 UTC] PHP Warning:  require(/usr/local/Slim/Slim.php): failed to open stream: No such file or directory in /home/ubuntu/workspace/resources/app/main.php on line 5
[16-Jan-2016 02:45:23 UTC] PHP Stack trace:
[16-Jan-2016 02:45:23 UTC] PHP   1. {main}() /home/ubuntu/workspace/resources/app/main.php:0
[16-Jan-2016 02:45:23 UTC] PHP Fatal error:  require(): Failed opening required '/usr/local/Slim/Slim.php' (include_path='.:/usr/share/php:/usr/share/pear') in /home/ubuntu/workspace/resources/app/main.php on line 5
[16-Jan-2016 02:45:23 UTC] PHP Stack trace:
[16-Jan-2016 02:45:23 UTC] PHP   1. {main}() /home/ubuntu/workspace/resources/app/main.php:0
[16-Jan-2016 02:49:11 UTC] PHP Fatal error:  Class 'Slim\App' not found in /home/ubuntu/workspace/resources/app/main.php on line 8
[16-Jan-2016 02:49:11 UTC] PHP Stack trace:
[16-Jan-2016 02:49:11 UTC] PHP   1. {main}() /home/ubuntu/workspace/resources/app/main.php:0
[16-Jan-2016 02:51:19 UTC] PHP Warning:  require(/usr/local/Slim/Slim.php): failed to open stream: No such file or directory in /home/ubuntu/workspace/resources/app/example.php on line 3
[16-Jan-2016 02:51:19 UTC] PHP Stack trace:
[16-Jan-2016 02:51:19 UTC] PHP   1. {main}() /home/ubuntu/workspace/resources/app/example.php:0
[16-Jan-2016 02:51:19 UTC] PHP Fatal error:  require(): Failed opening required '/usr/local/Slim/Slim.php' (include_path='.:/usr/share/php:/usr/share/pear') in /home/ubuntu/workspace/resources/app/example.php on line 3
[16-Jan-2016 02:51:19 UTC] PHP Stack trace:
[16-Jan-2016 02:51:19 UTC] PHP   1. {main}() /home/ubuntu/workspace/resources/app/example.php:0
[19-Jan-2016 21:24:39 UTC] PHP Fatal error:  Call to undefined method PDO::execute() in /home/ubuntu/workspace/resources/app/main.php on line 18
[19-Jan-2016 21:24:39 UTC] PHP Stack trace:
[19-Jan-2016 21:24:39 UTC] PHP   1. {main}() /home/ubuntu/workspace/resources/app/main.php:0
[19-Jan-2016 21:24:39 UTC] PHP   2. Slim\App->run($silent = *uninitialized*) /home/ubuntu/workspace/resources/app/main.php:36
[19-Jan-2016 21:24:39 UTC] PHP   3. Slim\App->process($request = *uninitialized*, $response = *uninitialized*) /home/ubuntu/workspace/resources/vendor/slim/slim/Slim/App.php:302
[19-Jan-2016 21:24:39 UTC] PHP   4. Slim\App->callMiddlewareStack($req = *uninitialized*, $res = *uninitialized*) /home/ubuntu/workspace/resources/vendor/slim/slim/Slim/App.php:341
[19-Jan-2016 21:24:39 UTC] PHP   5. Slim\App->__invoke($request = *uninitialized*, $response = *uninitialized*) /home/ubuntu/workspace/resources/vendor/slim/slim/Slim/MiddlewareAwareTrait.php:116
[19-Jan-2016 21:24:39 UTC] PHP   6. Slim\Route->run($request = *uninitialized*, $response = *uninitialized*) /home/ubuntu/workspace/resources/vendor/slim/slim/Slim/App.php:434
[19-Jan-2016 21:24:39 UTC] PHP   7. Slim\Route->callMiddlewareStack($req = *uninitialized*, $res = *uninitialized*) /home/ubuntu/workspace/resources/vendor/slim/slim/Slim/Route.php:297
[19-Jan-2016 21:24:39 UTC] PHP   8. Slim\Route->__invoke($request = *uninitialized*, $response = *uninitialized*) /home/ubuntu/workspace/resources/vendor/slim/slim/Slim/MiddlewareAwareTrait.php:116
[19-Jan-2016 21:24:39 UTC] PHP   9. Slim\Handlers\Strategies\RequestResponse->__invoke($callable = *uninitialized*, $request = *uninitialized*, $response = *uninitialized*, $routeArguments = *uninitialized*) /home/ubuntu/workspace/resources/vendor/slim/slim/Slim/Route.php:325
[19-Jan-2016 21:24:39 UTC] PHP  10. call_user_func:{/home/ubuntu/workspace/resources/vendor/slim/slim/Slim/Handlers/Strategies/RequestResponse.php:41}(*uninitialized*, *uninitialized*, *uninitialized*, *uninitialized*) /home/ubuntu/workspace/resources/vendor/slim/slim/Slim/Handlers/Strategies/RequestResponse.php:41
[19-Jan-2016 21:24:39 UTC] PHP  11. Closure->{closure:/home/ubuntu/workspace/resources/app/main.php:9-27}($request = *uninitialized*, $response = *uninitialized*, *uninitialized*) /home/ubuntu/workspace/resources/vendor/slim/slim/Slim/Handlers/Strategies/RequestResponse.php:41
[19-Jan-2016 21:26:30 UTC] PHP Fatal error:  Call to a member function fetchAll() on a non-object in /home/ubuntu/workspace/resources/app/main.php on line 20
[19-Jan-2016 21:26:30 UTC] PHP Stack trace:
[19-Jan-2016 21:26:30 UTC] PHP   1. {main}() /home/ubuntu/workspace/resources/app/main.php:0
[19-Jan-2016 21:26:30 UTC] PHP   2. Slim\App->run($silent = *uninitialized*) /home/ubuntu/workspace/resources/app/main.php:36
[19-Jan-2016 21:26:30 UTC] PHP   3. Slim\App->process($request = *uninitialized*, $response = *uninitialized*) /home/ubuntu/workspace/resources/vendor/slim/slim/Slim/App.php:302
[19-Jan-2016 21:26:30 UTC] PHP   4. Slim\App->callMiddlewareStack($req = *uninitialized*, $res = *uninitialized*) /home/ubuntu/workspace/resources/vendor/slim/slim/Slim/App.php:341
[19-Jan-2016 21:26:30 UTC] PHP   5. Slim\App->__invoke($request = *uninitialized*, $response = *uninitialized*) /home/ubuntu/workspace/resources/vendor/slim/slim/Slim/MiddlewareAwareTrait.php:116
[19-Jan-2016 21:26:30 UTC] PHP   6. Slim\Route->run($request = *uninitialized*, $response = *uninitialized*) /home/ubuntu/workspace/resources/vendor/slim/slim/Slim/App.php:434
[19-Jan-2016 21:26:30 UTC] PHP   7. Slim\Route->callMiddlewareStack($req = *uninitialized*, $res = *uninitialized*) /home/ubuntu/workspace/resources/vendor/slim/slim/Slim/Route.php:297
[19-Jan-2016 21:26:30 UTC] PHP   8. Slim\Route->__invoke($request = *uninitialized*, $response = *uninitialized*) /home/ubuntu/workspace/resources/vendor/slim/slim/Slim/MiddlewareAwareTrait.php:116
[19-Jan-2016 21:26:30 UTC] PHP   9. Slim\Handlers\Strategies\RequestResponse->__invoke($callable = *uninitialized*, $request = *uninitialized*, $response = *uninitialized*, $routeArguments = *uninitialized*) /home/ubuntu/workspace/resources/vendor/slim/slim/Slim/Route.php:325
[19-Jan-2016 21:26:30 UTC] PHP  10. call_user_func:{/home/ubuntu/workspace/resources/vendor/slim/slim/Slim/Handlers/Strategies/RequestResponse.php:41}(*uninitialized*, *uninitialized*, *uninitialized*, *uninitialized*) /home/ubuntu/workspace/resources/vendor/slim/slim/Slim/Handlers/Strategies/RequestResponse.php:41
[19-Jan-2016 21:26:30 UTC] PHP  11. Closure->{closure:/home/ubuntu/workspace/resources/app/main.php:9-27}($request = *uninitialized*, $response = *uninitialized*, *uninitialized*) /home/ubuntu/workspace/resources/vendor/slim/slim/Slim/Handlers/Strategies/RequestResponse.php:41
[19-Jan-2016 21:28:03 UTC] PHP Fatal error:  Call to a member function fetchAll() on a non-object in /home/ubuntu/workspace/resources/app/main.php on line 18
[19-Jan-2016 21:28:03 UTC] PHP Stack trace:
[19-Jan-2016 21:28:03 UTC] PHP   1. {main}() /home/ubuntu/workspace/resources/app/main.php:0
[19-Jan-2016 21:28:03 UTC] PHP   2. Slim\App->run($silent = *uninitialized*) /home/ubuntu/workspace/resources/app/main.php:36
[19-Jan-2016 21:28:03 UTC] PHP   3. Slim\App->process($request = *uninitialized*, $response = *uninitialized*) /home/ubuntu/workspace/resources/vendor/slim/slim/Slim/App.php:302
[19-Jan-2016 21:28:03 UTC] PHP   4. Slim\App->callMiddlewareStack($req = *uninitialized*, $res = *uninitialized*) /home/ubuntu/workspace/resources/vendor/slim/slim/Slim/App.php:341
[19-Jan-2016 21:28:03 UTC] PHP   5. Slim\App->__invoke($request = *uninitialized*, $response = *uninitialized*) /home/ubuntu/workspace/resources/vendor/slim/slim/Slim/MiddlewareAwareTrait.php:116
[19-Jan-2016 21:28:03 UTC] PHP   6. Slim\Route->run($request = *uninitialized*, $response = *uninitialized*) /home/ubuntu/workspace/resources/vendor/slim/slim/Slim/App.php:434
[19-Jan-2016 21:28:03 UTC] PHP   7. Slim\Route->callMiddlewareStack($req = *uninitialized*, $res = *uninitialized*) /home/ubuntu/workspace/resources/vendor/slim/slim/Slim/Route.php:297
[19-Jan-2016 21:28:03 UTC] PHP   8. Slim\Route->__invoke($request = *uninitialized*, $response = *uninitialized*) /home/ubuntu/workspace/resources/vendor/slim/slim/Slim/MiddlewareAwareTrait.php:116
[19-Jan-2016 21:28:03 UTC] PHP   9. Slim\Handlers\Strategies\RequestResponse->__invoke($callable = *uninitialized*, $request = *uninitialized*, $response = *uninitialized*, $routeArguments = *uninitialized*) /home/ubuntu/workspace/resources/vendor/slim/slim/Slim/Route.php:325
[19-Jan-2016 21:28:03 UTC] PHP  10. call_user_func:{/home/ubuntu/workspace/resources/vendor/slim/slim/Slim/Handlers/Strategies/RequestResponse.php:41}(*uninitialized*, *uninitialized*, *uninitialized*, *uninitialized*) /home/ubuntu/workspace/resources/vendor/slim/slim/Slim/Handlers/Strategies/RequestResponse.php:41
[19-Jan-2016 21:28:03 UTC] PHP  11. Closure->{closure:/home/ubuntu/workspace/resources/app/main.php:9-27}($request = *uninitialized*, $response = *uninitialized*, *uninitialized*) /home/ubuntu/workspace/resources/vendor/slim/slim/Slim/Handlers/Strategies/RequestResponse.php:41
[19-Jan-2016 21:28:05 UTC] PHP Fatal error:  Call to a member function fetchAll() on a non-object in /home/ubuntu/workspace/resources/app/main.php on line 18
[19-Jan-2016 21:28:05 UTC] PHP Stack trace:
[19-Jan-2016 21:28:05 UTC] PHP   1. {main}() /home/ubuntu/workspace/resources/app/main.php:0
[19-Jan-2016 21:28:05 UTC] PHP   2. Slim\App->run() /home/ubuntu/workspace/resources/app/main.php:36
[19-Jan-2016 21:28:05 UTC] PHP   3. Slim\App->process() /home/ubuntu/workspace/resources/vendor/slim/slim/Slim/App.php:302
[19-Jan-2016 21:28:05 UTC] PHP   4. Slim\App->callMiddlewareStack() /home/ubuntu/workspace/resources/vendor/slim/slim/Slim/App.php:341
[19-Jan-2016 21:28:05 UTC] PHP   5. Slim\App->__invoke() /home/ubuntu/workspace/resources/vendor/slim/slim/Slim/MiddlewareAwareTrait.php:116
[19-Jan-2016 21:28:05 UTC] PHP   6. Slim\Route->run() /home/ubuntu/workspace/resources/vendor/slim/slim/Slim/App.php:434
[19-Jan-2016 21:28:05 UTC] PHP   7. Slim\Route->callMiddlewareStack() /home/ubuntu/workspace/resources/vendor/slim/slim/Slim/Route.php:297
[19-Jan-2016 21:28:05 UTC] PHP   8. Slim\Route->__invoke() /home/ubuntu/workspace/resources/vendor/slim/slim/Slim/MiddlewareAwareTrait.php:116
[19-Jan-2016 21:28:05 UTC] PHP   9. Slim\Handlers\Strategies\RequestResponse->__invoke() /home/ubuntu/workspace/resources/vendor/slim/slim/Slim/Route.php:325
[19-Jan-2016 21:28:05 UTC] PHP  10. call_user_func:{/home/ubuntu/workspace/resources/vendor/slim/slim/Slim/Handlers/Strategies/RequestResponse.php:41}() /home/ubuntu/workspace/resources/vendor/slim/slim/Slim/Handlers/Strategies/RequestResponse.php:41
[19-Jan-2016 21:28:05 UTC] PHP  11. Closure->{closure:/home/ubuntu/workspace/resources/app/main.php:9-27}() /home/ubuntu/workspace/resources/vendor/slim/slim/Slim/Handlers/Strategies/RequestResponse.php:41
[19-Jan-2016 21:28:07 UTC] PHP Fatal error:  Call to a member function fetchAll() on a non-object in /home/ubuntu/workspace/resources/app/main.php on line 18
[19-Jan-2016 21:28:07 UTC] PHP Stack trace:
[19-Jan-2016 21:28:07 UTC] PHP   1. {main}() /home/ubuntu/workspace/resources/app/main.php:0
[19-Jan-2016 21:28:07 UTC] PHP   2. Slim\App->run() /home/ubuntu/workspace/resources/app/main.php:36
[19-Jan-2016 21:28:07 UTC] PHP   3. Slim\App->process() /home/ubuntu/workspace/resources/vendor/slim/slim/Slim/App.php:302
[19-Jan-2016 21:28:07 UTC] PHP   4. Slim\App->callMiddlewareStack() /home/ubuntu/workspace/resources/vendor/slim/slim/Slim/App.php:341
[19-Jan-2016 21:28:07 UTC] PHP   5. Slim\App->__invoke() /home/ubuntu/workspace/resources/vendor/slim/slim/Slim/MiddlewareAwareTrait.php:116
[19-Jan-2016 21:28:07 UTC] PHP   6. Slim\Route->run() /home/ubuntu/workspace/resources/vendor/slim/slim/Slim/App.php:434
[19-Jan-2016 21:28:07 UTC] PHP   7. Slim\Route->callMiddlewareStack() /home/ubuntu/workspace/resources/vendor/slim/slim/Slim/Route.php:297
[19-Jan-2016 21:28:07 UTC] PHP   8. Slim\Route->__invoke() /home/ubuntu/workspace/resources/vendor/slim/slim/Slim/MiddlewareAwareTrait.php:116
[19-Jan-2016 21:28:07 UTC] PHP   9. Slim\Handlers\Strategies\RequestResponse->__invoke() /home/ubuntu/workspace/resources/vendor/slim/slim/Slim/Route.php:325
[19-Jan-2016 21:28:07 UTC] PHP  10. call_user_func:{/home/ubuntu/workspace/resources/vendor/slim/slim/Slim/Handlers/Strategies/RequestResponse.php:41}() /home/ubuntu/workspace/resources/vendor/slim/slim/Slim/Handlers/Strategies/RequestResponse.php:41
[19-Jan-2016 21:28:07 UTC] PHP  11. Closure->{closure:/home/ubuntu/workspace/resources/app/main.php:9-27}() /home/ubuntu/workspace/resources/vendor/slim/slim/Slim/Handlers/Strategies/RequestResponse.php:41
[19-Jan-2016 21:28:08 UTC] PHP Fatal error:  Call to a member function fetchAll() on a non-object in /home/ubuntu/workspace/resources/app/main.php on line 18
[19-Jan-2016 21:28:08 UTC] PHP Stack trace:
[19-Jan-2016 21:28:08 UTC] PHP   1. {main}() /home/ubuntu/workspace/resources/app/main.php:0
[19-Jan-2016 21:28:08 UTC] PHP   2. Slim\App->run() /home/ubuntu/workspace/resources/app/main.php:36
[19-Jan-2016 21:28:08 UTC] PHP   3. Slim\App->process() /home/ubuntu/workspace/resources/vendor/slim/slim/Slim/App.php:302
[19-Jan-2016 21:28:08 UTC] PHP   4. Slim\App->callMiddlewareStack() /home/ubuntu/workspace/resources/vendor/slim/slim/Slim/App.php:341
[19-Jan-2016 21:28:08 UTC] PHP   5. Slim\App->__invoke() /home/ubuntu/workspace/resources/vendor/slim/slim/Slim/MiddlewareAwareTrait.php:116
[19-Jan-2016 21:28:08 UTC] PHP   6. Slim\Route->run() /home/ubuntu/workspace/resources/vendor/slim/slim/Slim/App.php:434
[19-Jan-2016 21:28:08 UTC] PHP   7. Slim\Route->callMiddlewareStack() /home/ubuntu/workspace/resources/vendor/slim/slim/Slim/Route.php:297
[19-Jan-2016 21:28:08 UTC] PHP   8. Slim\Route->__invoke() /home/ubuntu/workspace/resources/vendor/slim/slim/Slim/MiddlewareAwareTrait.php:116
[19-Jan-2016 21:28:08 UTC] PHP   9. Slim\Handlers\Strategies\RequestResponse->__invoke() /home/ubuntu/workspace/resources/vendor/slim/slim/Slim/Route.php:325
[19-Jan-2016 21:28:08 UTC] PHP  10. call_user_func:{/home/ubuntu/workspace/resources/vendor/slim/slim/Slim/Handlers/Strategies/RequestResponse.php:41}() /home/ubuntu/workspace/resources/vendor/slim/slim/Slim/Handlers/Strategies/RequestResponse.php:41
[19-Jan-2016 21:28:08 UTC] PHP  11. Closure->{closure:/home/ubuntu/workspace/resources/app/main.php:9-27}() /home/ubuntu/workspace/resources/vendor/slim/slim/Slim/Handlers/Strategies/RequestResponse.php:41
[19-Jan-2016 21:28:09 UTC] PHP Fatal error:  Call to a member function fetchAll() on a non-object in /home/ubuntu/workspace/resources/app/main.php on line 18
[19-Jan-2016 21:28:09 UTC] PHP Stack trace:
[19-Jan-2016 21:28:09 UTC] PHP   1. {main}() /home/ubuntu/workspace/resources/app/main.php:0
[19-Jan-2016 21:28:09 UTC] PHP   2. Slim\App->run($silent = *uninitialized*) /home/ubuntu/workspace/resources/app/main.php:36
[19-Jan-2016 21:28:09 UTC] PHP   3. Slim\App->process($request = *uninitialized*, $response = *uninitialized*) /home/ubuntu/workspace/resources/vendor/slim/slim/Slim/App.php:302
[19-Jan-2016 21:28:09 UTC] PHP   4. Slim\App->callMiddlewareStack($req = *uninitialized*, $res = *uninitialized*) /home/ubuntu/workspace/resources/vendor/slim/slim/Slim/App.php:341
[19-Jan-2016 21:28:09 UTC] PHP   5. Slim\App->__invoke($request = *uninitialized*, $response = *uninitialized*) /home/ubuntu/workspace/resources/vendor/slim/slim/Slim/MiddlewareAwareTrait.php:116
[19-Jan-2016 21:28:09 UTC] PHP   6. Slim\Route->run($request = *uninitialized*, $response = *uninitialized*) /home/ubuntu/workspace/resources/vendor/slim/slim/Slim/App.php:434
[19-Jan-2016 21:28:09 UTC] PHP   7. Slim\Route->callMiddlewareStack($req = *uninitialized*, $res = *uninitialized*) /home/ubuntu/workspace/resources/vendor/slim/slim/Slim/Route.php:297
[19-Jan-2016 21:28:09 UTC] PHP   8. Slim\Route->__invoke($request = *uninitialized*, $response = *uninitialized*) /home/ubuntu/workspace/resources/vendor/slim/slim/Slim/MiddlewareAwareTrait.php:116
[19-Jan-2016 21:28:09 UTC] PHP   9. Slim\Handlers\Strategies\RequestResponse->__invoke($callable = *uninitialized*, $request = *uninitialized*, $response = *uninitialized*, $routeArguments = *uninitialized*) /home/ubuntu/workspace/resources/vendor/slim/slim/Slim/Route.php:325
[19-Jan-2016 21:28:09 UTC] PHP  10. call_user_func:{/home/ubuntu/workspace/resources/vendor/slim/slim/Slim/Handlers/Strategies/RequestResponse.php:41}(*uninitialized*, *uninitialized*, *uninitialized*, *uninitialized*) /home/ubuntu/workspace/resources/vendor/slim/slim/Slim/Handlers/Strategies/RequestResponse.php:41
[19-Jan-2016 21:28:09 UTC] PHP  11. Closure->{closure:/home/ubuntu/workspace/resources/app/main.php:9-27}($request = *uninitialized*, $response = *uninitialized*, *uninitialized*) /home/ubuntu/workspace/resources/vendor/slim/slim/Slim/Handlers/Strategies/RequestResponse.php:41
[19-Jan-2016 21:28:09 UTC] PHP Fatal error:  Call to a member function fetchAll() on a non-object in /home/ubuntu/workspace/resources/app/main.php on line 18
[19-Jan-2016 21:28:09 UTC] PHP Stack trace:
[19-Jan-2016 21:28:09 UTC] PHP   1. {main}() /home/ubuntu/workspace/resources/app/main.php:0
[19-Jan-2016 21:28:09 UTC] PHP   2. Slim\App->run($silent = *uninitialized*) /home/ubuntu/workspace/resources/app/main.php:36
[19-Jan-2016 21:28:09 UTC] PHP   3. Slim\App->process($request = *uninitialized*, $response = *uninitialized*) /home/ubuntu/workspace/resources/vendor/slim/slim/Slim/App.php:302
[19-Jan-2016 21:28:09 UTC] PHP   4. Slim\App->callMiddlewareStack($req = *uninitialized*, $res = *uninitialized*) /home/ubuntu/workspace/resources/vendor/slim/slim/Slim/App.php:341
[19-Jan-2016 21:28:09 UTC] PHP   5. Slim\App->__invoke($request = *uninitialized*, $response = *uninitialized*) /home/ubuntu/workspace/resources/vendor/slim/slim/Slim/MiddlewareAwareTrait.php:116
[19-Jan-2016 21:28:09 UTC] PHP   6. Slim\Route->run($request = *uninitialized*, $response = *uninitialized*) /home/ubuntu/workspace/resources/vendor/slim/slim/Slim/App.php:434
[19-Jan-2016 21:28:09 UTC] PHP   7. Slim\Route->callMiddlewareStack($req = *uninitialized*, $res = *uninitialized*) /home/ubuntu/workspace/resources/vendor/slim/slim/Slim/Route.php:297
[19-Jan-2016 21:28:09 UTC] PHP   8. Slim\Route->__invoke($request = *uninitialized*, $response = *uninitialized*) /home/ubuntu/workspace/resources/vendor/slim/slim/Slim/MiddlewareAwareTrait.php:116
[19-Jan-2016 21:28:09 UTC] PHP   9. Slim\Handlers\Strategies\RequestResponse->__invoke($callable = *uninitialized*, $request = *uninitialized*, $response = *uninitialized*, $routeArguments = *uninitialized*) /home/ubuntu/workspace/resources/vendor/slim/slim/Slim/Route.php:325
[19-Jan-2016 21:28:09 UTC] PHP  10. call_user_func:{/home/ubuntu/workspace/resources/vendor/slim/slim/Slim/Handlers/Strategies/RequestResponse.php:41}(*uninitialized*, *uninitialized*, *uninitialized*, *uninitialized*) /home/ubuntu/workspace/resources/vendor/slim/slim/Slim/Handlers/Strategies/RequestResponse.php:41
[19-Jan-2016 21:28:09 UTC] PHP  11. Closure->{closure:/home/ubuntu/workspace/resources/app/main.php:9-27}($request = *uninitialized*, $response = *uninitialized*, *uninitialized*) /home/ubuntu/workspace/resources/vendor/slim/slim/Slim/Handlers/Strategies/RequestResponse.php:41
[19-Jan-2016 21:28:10 UTC] PHP Fatal error:  Call to a member function fetchAll() on a non-object in /home/ubuntu/workspace/resources/app/main.php on line 18
[19-Jan-2016 21:28:10 UTC] PHP Stack trace:
[19-Jan-2016 21:28:10 UTC] PHP   1. {main}() /home/ubuntu/workspace/resources/app/main.php:0
[19-Jan-2016 21:28:10 UTC] PHP   2. Slim\App->run() /home/ubuntu/workspace/resources/app/main.php:36
[19-Jan-2016 21:28:10 UTC] PHP   3. Slim\App->process() /home/ubuntu/workspace/resources/vendor/slim/slim/Slim/App.php:302
[19-Jan-2016 21:28:10 UTC] PHP   4. Slim\App->callMiddlewareStack() /home/ubuntu/workspace/resources/vendor/slim/slim/Slim/App.php:341
[19-Jan-2016 21:28:10 UTC] PHP   5. Slim\App->__invoke() /home/ubuntu/workspace/resources/vendor/slim/slim/Slim/MiddlewareAwareTrait.php:116
[19-Jan-2016 21:28:10 UTC] PHP   6. Slim\Route->run() /home/ubuntu/workspace/resources/vendor/slim/slim/Slim/App.php:434
[19-Jan-2016 21:28:10 UTC] PHP   7. Slim\Route->callMiddlewareStack() /home/ubuntu/workspace/resources/vendor/slim/slim/Slim/Route.php:297
[19-Jan-2016 21:28:10 UTC] PHP   8. Slim\Route->__invoke() /home/ubuntu/workspace/resources/vendor/slim/slim/Slim/MiddlewareAwareTrait.php:116
[19-Jan-2016 21:28:10 UTC] PHP   9. Slim\Handlers\Strategies\RequestResponse->__invoke() /home/ubuntu/workspace/resources/vendor/slim/slim/Slim/Route.php:325
[19-Jan-2016 21:28:10 UTC] PHP  10. call_user_func:{/home/ubuntu/workspace/resources/vendor/slim/slim/Slim/Handlers/Strategies/RequestResponse.php:41}() /home/ubuntu/workspace/resources/vendor/slim/slim/Slim/Handlers/Strategies/RequestResponse.php:41
[19-Jan-2016 21:28:10 UTC] PHP  11. Closure->{closure:/home/ubuntu/workspace/resources/app/main.php:9-27}() /home/ubuntu/workspace/resources/vendor/slim/slim/Slim/Handlers/Strategies/RequestResponse.php:41
[19-Jan-2016 21:28:11 UTC] PHP Fatal error:  Call to a member function fetchAll() on a non-object in /home/ubuntu/workspace/resources/app/main.php on line 18
[19-Jan-2016 21:28:11 UTC] PHP Stack trace:
[19-Jan-2016 21:28:11 UTC] PHP   1. {main}() /home/ubuntu/workspace/resources/app/main.php:0
[19-Jan-2016 21:28:11 UTC] PHP   2. Slim\App->run() /home/ubuntu/workspace/resources/app/main.php:36
[19-Jan-2016 21:28:11 UTC] PHP   3. Slim\App->process() /home/ubuntu/workspace/resources/vendor/slim/slim/Slim/App.php:302
[19-Jan-2016 21:28:11 UTC] PHP   4. Slim\App->callMiddlewareStack() /home/ubuntu/workspace/resources/vendor/slim/slim/Slim/App.php:341
[19-Jan-2016 21:28:11 UTC] PHP   5. Slim\App->__invoke() /home/ubuntu/workspace/resources/vendor/slim/slim/Slim/MiddlewareAwareTrait.php:116
[19-Jan-2016 21:28:11 UTC] PHP   6. Slim\Route->run() /home/ubuntu/workspace/resources/vendor/slim/slim/Slim/App.php:434
[19-Jan-2016 21:28:11 UTC] PHP   7. Slim\Route->callMiddlewareStack() /home/ubuntu/workspace/resources/vendor/slim/slim/Slim/Route.php:297
[19-Jan-2016 21:28:11 UTC] PHP   8. Slim\Route->__invoke() /home/ubuntu/workspace/resources/vendor/slim/slim/Slim/MiddlewareAwareTrait.php:116
[19-Jan-2016 21:28:11 UTC] PHP   9. Slim\Handlers\Strategies\RequestResponse->__invoke() /home/ubuntu/workspace/resources/vendor/slim/slim/Slim/Route.php:325
[19-Jan-2016 21:28:11 UTC] PHP  10. call_user_func:{/home/ubuntu/workspace/resources/vendor/slim/slim/Slim/Handlers/Strategies/RequestResponse.php:41}() /home/ubuntu/workspace/resources/vendor/slim/slim/Slim/Handlers/Strategies/RequestResponse.php:41
[19-Jan-2016 21:28:11 UTC] PHP  11. Closure->{closure:/home/ubuntu/workspace/resources/app/main.php:9-27}() /home/ubuntu/workspace/resources/vendor/slim/slim/Slim/Handlers/Strategies/RequestResponse.php:41
[19-Jan-2016 21:29:34 UTC] PHP Fatal error:  Call to undefined function getBody() in /home/ubuntu/workspace/resources/app/main.php on line 25
[19-Jan-2016 21:29:34 UTC] PHP Stack trace:
[19-Jan-2016 21:29:34 UTC] PHP   1. {main}() /home/ubuntu/workspace/resources/app/main.php:0
[19-Jan-2016 21:29:34 UTC] PHP   2. Slim\App->run($silent = *uninitialized*) /home/ubuntu/workspace/resources/app/main.php:37
[19-Jan-2016 21:29:34 UTC] PHP   3. Slim\App->process($request = *uninitialized*, $response = *uninitialized*) /home/ubuntu/workspace/resources/vendor/slim/slim/Slim/App.php:302
[19-Jan-2016 21:29:34 UTC] PHP   4. Slim\App->callMiddlewareStack($req = *uninitialized*, $res = *uninitialized*) /home/ubuntu/workspace/resources/vendor/slim/slim/Slim/App.php:341
[19-Jan-2016 21:29:34 UTC] PHP   5. Slim\App->__invoke($request = *uninitialized*, $response = *uninitialized*) /home/ubuntu/workspace/resources/vendor/slim/slim/Slim/MiddlewareAwareTrait.php:116
[19-Jan-2016 21:29:34 UTC] PHP   6. Slim\Route->run($request = *uninitialized*, $response = *uninitialized*) /home/ubuntu/workspace/resources/vendor/slim/slim/Slim/App.php:434
[19-Jan-2016 21:29:34 UTC] PHP   7. Slim\Route->callMiddlewareStack($req = *uninitialized*, $res = *uninitialized*) /home/ubuntu/workspace/resources/vendor/slim/slim/Slim/Route.php:297
[19-Jan-2016 21:29:34 UTC] PHP   8. Slim\Route->__invoke($request = *uninitialized*, $response = *uninitialized*) /home/ubuntu/workspace/resources/vendor/slim/slim/Slim/MiddlewareAwareTrait.php:116
[19-Jan-2016 21:29:34 UTC] PHP   9. Slim\Handlers\Strategies\RequestResponse->__invoke($callable = *uninitialized*, $request = *uninitialized*, $response = *uninitialized*, $routeArguments = *uninitialized*) /home/ubuntu/workspace/resources/vendor/slim/slim/Slim/Route.php:325
[19-Jan-2016 21:29:34 UTC] PHP  10. call_user_func:{/home/ubuntu/workspace/resources/vendor/slim/slim/Slim/Handlers/Strategies/RequestResponse.php:41}(*uninitialized*, *uninitialized*, *uninitialized*, *uninitialized*) /home/ubuntu/workspace/resources/vendor/slim/slim/Slim/Handlers/Strategies/RequestResponse.php:41
[19-Jan-2016 21:29:34 UTC] PHP  11. Closure->{closure:/home/ubuntu/workspace/resources/app/main.php:9-28}($request = *uninitialized*, $response = *uninitialized*, *uninitialized*) /home/ubuntu/workspace/resources/vendor/slim/slim/Slim/Handlers/Strategies/RequestResponse.php:41
[19-Jan-2016 21:30:56 UTC] PHP Parse error:  syntax error, unexpected 'foreach' (T_FOREACH) in /home/ubuntu/workspace/resources/app/main.php on line 22
[19-Jan-2016 21:31:11 UTC] PHP Parse error:  syntax error, unexpected 'foreach' (T_FOREACH) in /home/ubuntu/workspace/resources/app/main.php on line 22
[19-Jan-2016 21:31:12 UTC] PHP Parse error:  syntax error, unexpected 'foreach' (T_FOREACH) in /home/ubuntu/workspace/resources/app/main.php on line 22
[19-Jan-2016 21:31:13 UTC] PHP Parse error:  syntax error, unexpected 'foreach' (T_FOREACH) in /home/ubuntu/workspace/resources/app/main.php on line 22
[19-Jan-2016 21:31:13 UTC] PHP Parse error:  syntax error, unexpected 'foreach' (T_FOREACH) in /home/ubuntu/workspace/resources/app/main.php on line 22
[19-Jan-2016 21:31:14 UTC] PHP Parse error:  syntax error, unexpected 'foreach' (T_FOREACH) in /home/ubuntu/workspace/resources/app/main.php on line 22
[19-Jan-2016 21:31:14 UTC] PHP Parse error:  syntax error, unexpected 'foreach' (T_FOREACH) in /home/ubuntu/workspace/resources/app/main.php on line 22
[19-Jan-2016 21:31:14 UTC] PHP Parse error:  syntax error, unexpected 'foreach' (T_FOREACH) in /home/ubuntu/workspace/resources/app/main.php on line 22
[19-Jan-2016 21:31:59 UTC] PHP Warning:  Illegal string offset 'name' in /home/ubuntu/workspace/resources/app/main.php on line 23
[19-Jan-2016 21:31:59 UTC] PHP Stack trace:
[19-Jan-2016 21:31:59 UTC] PHP   1. {main}() /home/ubuntu/workspace/resources/app/main.php:0
[19-Jan-2016 21:31:59 UTC] PHP   2. Slim\App->run($silent = *uninitialized*) /home/ubuntu/workspace/resources/app/main.php:38
[19-Jan-2016 21:31:59 UTC] PHP   3. Slim\App->process($request = *uninitialized*, $response = *uninitialized*) /home/ubuntu/workspace/resources/vendor/slim/slim/Slim/App.php:302
[19-Jan-2016 21:31:59 UTC] PHP   4. Slim\App->callMiddlewareStack($req = *uninitialized*, $res = *uninitialized*) /home/ubuntu/workspace/resources/vendor/slim/slim/Slim/App.php:341
[19-Jan-2016 21:31:59 UTC] PHP   5. Slim\App->__invoke($request = *uninitialized*, $response = *uninitialized*) /home/ubuntu/workspace/resources/vendor/slim/slim/Slim/MiddlewareAwareTrait.php:116
[19-Jan-2016 21:31:59 UTC] PHP   6. Slim\Route->run($request = *uninitialized*, $response = *uninitialized*) /home/ubuntu/workspace/resources/vendor/slim/slim/Slim/App.php:434
[19-Jan-2016 21:31:59 UTC] PHP   7. Slim\Route->callMiddlewareStack($req = *uninitialized*, $res = *uninitialized*) /home/ubuntu/workspace/resources/vendor/slim/slim/Slim/Route.php:297
[19-Jan-2016 21:31:59 UTC] PHP   8. Slim\Route->__invoke($request = *uninitialized*, $response = *uninitialized*) /home/ubuntu/workspace/resources/vendor/slim/slim/Slim/MiddlewareAwareTrait.php:116
[19-Jan-2016 21:31:59 UTC] PHP   9. Slim\Handlers\Strategies\RequestResponse->__invoke($callable = *uninitialized*, $request = *uninitialized*, $response = *uninitialized*, $routeArguments = *uninitialized*) /home/ubuntu/workspace/resources/vendor/slim/slim/Slim/Route.php:325
[19-Jan-2016 21:31:59 UTC] PHP  10. call_user_func:{/home/ubuntu/workspace/resources/vendor/slim/slim/Slim/Handlers/Strategies/RequestResponse.php:41}(*uninitialized*, *uninitialized*, *uninitialized*, *uninitialized*) /home/ubuntu/workspace/resources/vendor/slim/slim/Slim/Handlers/Strategies/RequestResponse.php:41
[19-Jan-2016 21:31:59 UTC] PHP  11. Closure->{closure:/home/ubuntu/workspace/resources/app/main.php:9-29}($request = *uninitialized*, $response = *uninitialized*, *uninitialized*) /home/ubuntu/workspace/resources/vendor/slim/slim/Slim/Handlers/Strategies/RequestResponse.php:41
[19-Jan-2016 21:31:59 UTC] PHP Warning:  Illegal string offset 'name' in /home/ubuntu/workspace/resources/app/main.php on line 23
[19-Jan-2016 21:31:59 UTC] PHP Stack trace:
[19-Jan-2016 21:31:59 UTC] PHP   1. {main}() /home/ubuntu/workspace/resources/app/main.php:0
[19-Jan-2016 21:31:59 UTC] PHP   2. Slim\App->run($silent = *uninitialized*) /home/ubuntu/workspace/resources/app/main.php:38
[19-Jan-2016 21:31:59 UTC] PHP   3. Slim\App->process($request = *uninitialized*, $response = *uninitialized*) /home/ubuntu/workspace/resources/vendor/slim/slim/Slim/App.php:302
[19-Jan-2016 21:31:59 UTC] PHP   4. Slim\App->callMiddlewareStack($req = *uninitialized*, $res = *uninitialized*) /home/ubuntu/workspace/resources/vendor/slim/slim/Slim/App.php:341
[19-Jan-2016 21:31:59 UTC] PHP   5. Slim\App->__invoke($request = *uninitialized*, $response = *uninitialized*) /home/ubuntu/workspace/resources/vendor/slim/slim/Slim/MiddlewareAwareTrait.php:116
[19-Jan-2016 21:31:59 UTC] PHP   6. Slim\Route->run($request = *uninitialized*, $response = *uninitialized*) /home/ubuntu/workspace/resources/vendor/slim/slim/Slim/App.php:434
[19-Jan-2016 21:31:59 UTC] PHP   7. Slim\Route->callMiddlewareStack($req = *uninitialized*, $res = *uninitialized*) /home/ubuntu/workspace/resources/vendor/slim/slim/Slim/Route.php:297
[19-Jan-2016 21:31:59 UTC] PHP   8. Slim\Route->__invoke($request = *uninitialized*, $response = *uninitialized*) /home/ubuntu/workspace/resources/vendor/slim/slim/Slim/MiddlewareAwareTrait.php:116
[19-Jan-2016 21:31:59 UTC] PHP   9. Slim\Handlers\Strategies\RequestResponse->__invoke($callable = *uninitialized*, $request = *uninitialized*, $response = *uninitialized*, $routeArguments = *uninitialized*) /home/ubuntu/workspace/resources/vendor/slim/slim/Slim/Route.php:325
[19-Jan-2016 21:31:59 UTC] PHP  10. call_user_func:{/home/ubuntu/workspace/resources/vendor/slim/slim/Slim/Handlers/Strategies/RequestResponse.php:41}(*uninitialized*, *uninitialized*, *uninitialized*, *uninitialized*) /home/ubuntu/workspace/resources/vendor/slim/slim/Slim/Handlers/Strategies/RequestResponse.php:41
[19-Jan-2016 21:31:59 UTC] PHP  11. Closure->{closure:/home/ubuntu/workspace/resources/app/main.php:9-29}($request = *uninitialized*, $response = *uninitialized*, *uninitialized*) /home/ubuntu/workspace/resources/vendor/slim/slim/Slim/Handlers/Strategies/RequestResponse.php:41
[19-Jan-2016 21:31:59 UTC] PHP Warning:  Illegal string offset 'name' in /home/ubuntu/workspace/resources/app/main.php on line 23
[19-Jan-2016 21:31:59 UTC] PHP Stack trace:
[19-Jan-2016 21:31:59 UTC] PHP   1. {main}() /home/ubuntu/workspace/resources/app/main.php:0
[19-Jan-2016 21:31:59 UTC] PHP   2. Slim\App->run($silent = *uninitialized*) /home/ubuntu/workspace/resources/app/main.php:38
[19-Jan-2016 21:31:59 UTC] PHP   3. Slim\App->process($request = *uninitialized*, $response = *uninitialized*) /home/ubuntu/workspace/resources/vendor/slim/slim/Slim/App.php:302
[19-Jan-2016 21:31:59 UTC] PHP   4. Slim\App->callMiddlewareStack($req = *uninitialized*, $res = *uninitialized*) /home/ubuntu/workspace/resources/vendor/slim/slim/Slim/App.php:341
[19-Jan-2016 21:31:59 UTC] PHP   5. Slim\App->__invoke($request = *uninitialized*, $response = *uninitialized*) /home/ubuntu/workspace/resources/vendor/slim/slim/Slim/MiddlewareAwareTrait.php:116
[19-Jan-2016 21:31:59 UTC] PHP   6. Slim\Route->run($request = *uninitialized*, $response = *uninitialized*) /home/ubuntu/workspace/resources/vendor/slim/slim/Slim/App.php:434
[19-Jan-2016 21:31:59 UTC] PHP   7. Slim\Route->callMiddlewareStack($req = *uninitialized*, $res = *uninitialized*) /home/ubuntu/workspace/resources/vendor/slim/slim/Slim/Route.php:297
[19-Jan-2016 21:31:59 UTC] PHP   8. Slim\Route->__invoke($request = *uninitialized*, $response = *uninitialized*) /home/ubuntu/workspace/resources/vendor/slim/slim/Slim/MiddlewareAwareTrait.php:116
[19-Jan-2016 21:31:59 UTC] PHP   9. Slim\Handlers\Strategies\RequestResponse->__invoke($callable = *uninitialized*, $request = *uninitialized*, $response = *uninitialized*, $routeArguments = *uninitialized*) /home/ubuntu/workspace/resources/vendor/slim/slim/Slim/Route.php:325
[19-Jan-2016 21:31:59 UTC] PHP  10. call_user_func:{/home/ubuntu/workspace/resources/vendor/slim/slim/Slim/Handlers/Strategies/RequestResponse.php:41}(*uninitialized*, *uninitialized*, *uninitialized*, *uninitialized*) /home/ubuntu/workspace/resources/vendor/slim/slim/Slim/Handlers/Strategies/RequestResponse.php:41
[19-Jan-2016 21:31:59 UTC] PHP  11. Closure->{closure:/home/ubuntu/workspace/resources/app/main.php:9-29}($request = *uninitialized*, $response = *uninitialized*, *uninitialized*) /home/ubuntu/workspace/resources/vendor/slim/slim/Slim/Handlers/Strategies/RequestResponse.php:41
[19-Jan-2016 21:31:59 UTC] PHP Warning:  Illegal string offset 'name' in /home/ubuntu/workspace/resources/app/main.php on line 23
[19-Jan-2016 21:31:59 UTC] PHP Stack trace:
[19-Jan-2016 21:31:59 UTC] PHP   1. {main}() /home/ubuntu/workspace/resources/app/main.php:0
[19-Jan-2016 21:31:59 UTC] PHP   2. Slim\App->run($silent = *uninitialized*) /home/ubuntu/workspace/resources/app/main.php:38
[19-Jan-2016 21:31:59 UTC] PHP   3. Slim\App->process($request = *uninitialized*, $response = *uninitialized*) /home/ubuntu/workspace/resources/vendor/slim/slim/Slim/App.php:302
[19-Jan-2016 21:31:59 UTC] PHP   4. Slim\App->callMiddlewareStack($req = *uninitialized*, $res = *uninitialized*) /home/ubuntu/workspace/resources/vendor/slim/slim/Slim/App.php:341
[19-Jan-2016 21:31:59 UTC] PHP   5. Slim\App->__invoke($request = *uninitialized*, $response = *uninitialized*) /home/ubuntu/workspace/resources/vendor/slim/slim/Slim/MiddlewareAwareTrait.php:116
[19-Jan-2016 21:31:59 UTC] PHP   6. Slim\Route->run($request = *uninitialized*, $response = *uninitialized*) /home/ubuntu/workspace/resources/vendor/slim/slim/Slim/App.php:434
[19-Jan-2016 21:31:59 UTC] PHP   7. Slim\Route->callMiddlewareStack($req = *uninitialized*, $res = *uninitialized*) /home/ubuntu/workspace/resources/vendor/slim/slim/Slim/Route.php:297
[19-Jan-2016 21:31:59 UTC] PHP   8. Slim\Route->__invoke($request = *uninitialized*, $response = *uninitialized*) /home/ubuntu/workspace/resources/vendor/slim/slim/Slim/MiddlewareAwareTrait.php:116
[19-Jan-2016 21:31:59 UTC] PHP   9. Slim\Handlers\Strategies\RequestResponse->__invoke($callable = *uninitialized*, $request = *uninitialized*, $response = *uninitialized*, $routeArguments = *uninitialized*) /home/ubuntu/workspace/resources/vendor/slim/slim/Slim/Route.php:325
[19-Jan-2016 21:31:59 UTC] PHP  10. call_user_func:{/home/ubuntu/workspace/resources/vendor/slim/slim/Slim/Handlers/Strategies/RequestResponse.php:41}(*uninitialized*, *uninitialized*, *uninitialized*, *uninitialized*) /home/ubuntu/workspace/resources/vendor/slim/slim/Slim/Handlers/Strategies/RequestResponse.php:41
[19-Jan-2016 21:31:59 UTC] PHP  11. Closure->{closure:/home/ubuntu/workspace/resources/app/main.php:9-29}($request = *uninitialized*, $response = *uninitialized*, *uninitialized*) /home/ubuntu/workspace/resources/vendor/slim/slim/Slim/Handlers/Strategies/RequestResponse.php:41
[19-Jan-2016 21:31:59 UTC] PHP Warning:  Illegal string offset 'name' in /home/ubuntu/workspace/resources/app/main.php on line 23
[19-Jan-2016 21:31:59 UTC] PHP Stack trace:
[19-Jan-2016 21:31:59 UTC] PHP   1. {main}() /home/ubuntu/workspace/resources/app/main.php:0
[19-Jan-2016 21:31:59 UTC] PHP   2. Slim\App->run($silent = *uninitialized*) /home/ubuntu/workspace/resources/app/main.php:38
[19-Jan-2016 21:31:59 UTC] PHP   3. Slim\App->process($request = *uninitialized*, $response = *uninitialized*) /home/ubuntu/workspace/resources/vendor/slim/slim/Slim/App.php:302
[19-Jan-2016 21:31:59 UTC] PHP   4. Slim\App->callMiddlewareStack($req = *uninitialized*, $res = *uninitialized*) /home/ubuntu/workspace/resources/vendor/slim/slim/Slim/App.php:341
[19-Jan-2016 21:31:59 UTC] PHP   5. Slim\App->__invoke($request = *uninitialized*, $response = *uninitialized*) /home/ubuntu/workspace/resources/vendor/slim/slim/Slim/MiddlewareAwareTrait.php:116
[19-Jan-2016 21:31:59 UTC] PHP   6. Slim\Route->run($request = *uninitialized*, $response = *uninitialized*) /home/ubuntu/workspace/resources/vendor/slim/slim/Slim/App.php:434
[19-Jan-2016 21:31:59 UTC] PHP   7. Slim\Route->callMiddlewareStack($req = *uninitialized*, $res = *uninitialized*) /home/ubuntu/workspace/resources/vendor/slim/slim/Slim/Route.php:297
[19-Jan-2016 21:31:59 UTC] PHP   8. Slim\Route->__invoke($request = *uninitialized*, $response = *uninitialized*) /home/ubuntu/workspace/resources/vendor/slim/slim/Slim/MiddlewareAwareTrait.php:116
[19-Jan-2016 21:31:59 UTC] PHP   9. Slim\Handlers\Strategies\RequestResponse->__invoke($callable = *uninitialized*, $request = *uninitialized*, $response = *uninitialized*, $routeArguments = *uninitialized*) /home/ubuntu/workspace/resources/vendor/slim/slim/Slim/Route.php:325
[19-Jan-2016 21:31:59 UTC] PHP  10. call_user_func:{/home/ubuntu/workspace/resources/vendor/slim/slim/Slim/Handlers/Strategies/RequestResponse.php:41}(*uninitialized*, *uninitialized*, *uninitialized*, *uninitialized*) /home/ubuntu/workspace/resources/vendor/slim/slim/Slim/Handlers/Strategies/RequestResponse.php:41
[19-Jan-2016 21:31:59 UTC] PHP  11. Closure->{closure:/home/ubuntu/workspace/resources/app/main.php:9-29}($request = *uninitialized*, $response = *uninitialized*, *uninitialized*) /home/ubuntu/workspace/resources/vendor/slim/slim/Slim/Handlers/Strategies/RequestResponse.php:41
[19-Jan-2016 21:34:22 UTC] PHP Warning:  Illegal string offset 'name' in /home/ubuntu/workspace/resources/app/main.php on line 22
[19-Jan-2016 21:34:22 UTC] PHP Stack trace:
[19-Jan-2016 21:34:22 UTC] PHP   1. {main}() /home/ubuntu/workspace/resources/app/main.php:0
[19-Jan-2016 21:34:22 UTC] PHP   2. Slim\App->run($silent = *uninitialized*) /home/ubuntu/workspace/resources/app/main.php:37
[19-Jan-2016 21:34:22 UTC] PHP   3. Slim\App->process($request = *uninitialized*, $response = *uninitialized*) /home/ubuntu/workspace/resources/vendor/slim/slim/Slim/App.php:302
[19-Jan-2016 21:34:22 UTC] PHP   4. Slim\App->callMiddlewareStack($req = *uninitialized*, $res = *uninitialized*) /home/ubuntu/workspace/resources/vendor/slim/slim/Slim/App.php:341
[19-Jan-2016 21:34:22 UTC] PHP   5. Slim\App->__invoke($request = *uninitialized*, $response = *uninitialized*) /home/ubuntu/workspace/resources/vendor/slim/slim/Slim/MiddlewareAwareTrait.php:116
[19-Jan-2016 21:34:22 UTC] PHP   6. Slim\Route->run($request = *uninitialized*, $response = *uninitialized*) /home/ubuntu/workspace/resources/vendor/slim/slim/Slim/App.php:434
[19-Jan-2016 21:34:22 UTC] PHP   7. Slim\Route->callMiddlewareStack($req = *uninitialized*, $res = *uninitialized*) /home/ubuntu/workspace/resources/vendor/slim/slim/Slim/Route.php:297
[19-Jan-2016 21:34:22 UTC] PHP   8. Slim\Route->__invoke($request = *uninitialized*, $response = *uninitialized*) /home/ubuntu/workspace/resources/vendor/slim/slim/Slim/MiddlewareAwareTrait.php:116
[19-Jan-2016 21:34:22 UTC] PHP   9. Slim\Handlers\Strategies\RequestResponse->__invoke($callable = *uninitialized*, $request = *uninitialized*, $response = *uninitialized*, $routeArguments = *uninitialized*) /home/ubuntu/workspace/resources/vendor/slim/slim/Slim/Route.php:325
[19-Jan-2016 21:34:22 UTC] PHP  10. call_user_func:{/home/ubuntu/workspace/resources/vendor/slim/slim/Slim/Handlers/Strategies/RequestResponse.php:41}(*uninitialized*, *uninitialized*, *uninitialized*, *uninitialized*) /home/ubuntu/workspace/resources/vendor/slim/slim/Slim/Handlers/Strategies/RequestResponse.php:41
[19-Jan-2016 21:34:22 UTC] PHP  11. Closure->{closure:/home/ubuntu/workspace/resources/app/main.php:9-28}($request = *uninitialized*, $response = *uninitialized*, *uninitialized*) /home/ubuntu/workspace/resources/vendor/slim/slim/Slim/Handlers/Strategies/RequestResponse.php:41
[19-Jan-2016 21:34:22 UTC] PHP Warning:  Illegal string offset 'name' in /home/ubuntu/workspace/resources/app/main.php on line 22
[19-Jan-2016 21:34:22 UTC] PHP Stack trace:
[19-Jan-2016 21:34:22 UTC] PHP   1. {main}() /home/ubuntu/workspace/resources/app/main.php:0
[19-Jan-2016 21:34:22 UTC] PHP   2. Slim\App->run($silent = *uninitialized*) /home/ubuntu/workspace/resources/app/main.php:37
[19-Jan-2016 21:34:22 UTC] PHP   3. Slim\App->process($request = *uninitialized*, $response = *uninitialized*) /home/ubuntu/workspace/resources/vendor/slim/slim/Slim/App.php:302
[19-Jan-2016 21:34:22 UTC] PHP   4. Slim\App->callMiddlewareStack($req = *uninitialized*, $res = *uninitialized*) /home/ubuntu/workspace/resources/vendor/slim/slim/Slim/App.php:341
[19-Jan-2016 21:34:22 UTC] PHP   5. Slim\App->__invoke($request = *uninitialized*, $response = *uninitialized*) /home/ubuntu/workspace/resources/vendor/slim/slim/Slim/MiddlewareAwareTrait.php:116
[19-Jan-2016 21:34:22 UTC] PHP   6. Slim\Route->run($request = *uninitialized*, $response = *uninitialized*) /home/ubuntu/workspace/resources/vendor/slim/slim/Slim/App.php:434
[19-Jan-2016 21:34:22 UTC] PHP   7. Slim\Route->callMiddlewareStack($req = *uninitialized*, $res = *uninitialized*) /home/ubuntu/workspace/resources/vendor/slim/slim/Slim/Route.php:297
[19-Jan-2016 21:34:22 UTC] PHP   8. Slim\Route->__invoke($request = *uninitialized*, $response = *uninitialized*) /home/ubuntu/workspace/resources/vendor/slim/slim/Slim/MiddlewareAwareTrait.php:116
[19-Jan-2016 21:34:22 UTC] PHP   9. Slim\Handlers\Strategies\RequestResponse->__invoke($callable = *uninitialized*, $request = *uninitialized*, $response = *uninitialized*, $routeArguments = *uninitialized*) /home/ubuntu/workspace/resources/vendor/slim/slim/Slim/Route.php:325
[19-Jan-2016 21:34:22 UTC] PHP  10. call_user_func:{/home/ubuntu/workspace/resources/vendor/slim/slim/Slim/Handlers/Strategies/RequestResponse.php:41}(*uninitialized*, *uninitialized*, *uninitialized*, *uninitialized*) /home/ubuntu/workspace/resources/vendor/slim/slim/Slim/Handlers/Strategies/RequestResponse.php:41
[19-Jan-2016 21:34:22 UTC] PHP  11. Closure->{closure:/home/ubuntu/workspace/resources/app/main.php:9-28}($request = *uninitialized*, $response = *uninitialized*, *uninitialized*) /home/ubuntu/workspace/resources/vendor/slim/slim/Slim/Handlers/Strategies/RequestResponse.php:41
[19-Jan-2016 21:34:22 UTC] PHP Warning:  Illegal string offset 'name' in /home/ubuntu/workspace/resources/app/main.php on line 22
[19-Jan-2016 21:34:22 UTC] PHP Stack trace:
[19-Jan-2016 21:34:22 UTC] PHP   1. {main}() /home/ubuntu/workspace/resources/app/main.php:0
[19-Jan-2016 21:34:22 UTC] PHP   2. Slim\App->run($silent = *uninitialized*) /home/ubuntu/workspace/resources/app/main.php:37
[19-Jan-2016 21:34:22 UTC] PHP   3. Slim\App->process($request = *uninitialized*, $response = *uninitialized*) /home/ubuntu/workspace/resources/vendor/slim/slim/Slim/App.php:302
[19-Jan-2016 21:34:22 UTC] PHP   4. Slim\App->callMiddlewareStack($req = *uninitialized*, $res = *uninitialized*) /home/ubuntu/workspace/resources/vendor/slim/slim/Slim/App.php:341
[19-Jan-2016 21:34:22 UTC] PHP   5. Slim\App->__invoke($request = *uninitialized*, $response = *uninitialized*) /home/ubuntu/workspace/resources/vendor/slim/slim/Slim/MiddlewareAwareTrait.php:116
[19-Jan-2016 21:34:22 UTC] PHP   6. Slim\Route->run($request = *uninitialized*, $response = *uninitialized*) /home/ubuntu/workspace/resources/vendor/slim/slim/Slim/App.php:434
[19-Jan-2016 21:34:22 UTC] PHP   7. Slim\Route->callMiddlewareStack($req = *uninitialized*, $res = *uninitialized*) /home/ubuntu/workspace/resources/vendor/slim/slim/Slim/Route.php:297
[19-Jan-2016 21:34:22 UTC] PHP   8. Slim\Route->__invoke($request = *uninitialized*, $response = *uninitialized*) /home/ubuntu/workspace/resources/vendor/slim/slim/Slim/MiddlewareAwareTrait.php:116
[19-Jan-2016 21:34:22 UTC] PHP   9. Slim\Handlers\Strategies\RequestResponse->__invoke($callable = *uninitialized*, $request = *uninitialized*, $response = *uninitialized*, $routeArguments = *uninitialized*) /home/ubuntu/workspace/resources/vendor/slim/slim/Slim/Route.php:325
[19-Jan-2016 21:34:22 UTC] PHP  10. call_user_func:{/home/ubuntu/workspace/resources/vendor/slim/slim/Slim/Handlers/Strategies/RequestResponse.php:41}(*uninitialized*, *uninitialized*, *uninitialized*, *uninitialized*) /home/ubuntu/workspace/resources/vendor/slim/slim/Slim/Handlers/Strategies/RequestResponse.php:41
[19-Jan-2016 21:34:22 UTC] PHP  11. Closure->{closure:/home/ubuntu/workspace/resources/app/main.php:9-28}($request = *uninitialized*, $response = *uninitialized*, *uninitialized*) /home/ubuntu/workspace/resources/vendor/slim/slim/Slim/Handlers/Strategies/RequestResponse.php:41
[19-Jan-2016 21:34:22 UTC] PHP Warning:  Illegal string offset 'name' in /home/ubuntu/workspace/resources/app/main.php on line 22
[19-Jan-2016 21:34:22 UTC] PHP Stack trace:
[19-Jan-2016 21:34:22 UTC] PHP   1. {main}() /home/ubuntu/workspace/resources/app/main.php:0
[19-Jan-2016 21:34:22 UTC] PHP   2. Slim\App->run($silent = *uninitialized*) /home/ubuntu/workspace/resources/app/main.php:37
[19-Jan-2016 21:34:22 UTC] PHP   3. Slim\App->process($request = *uninitialized*, $response = *uninitialized*) /home/ubuntu/workspace/resources/vendor/slim/slim/Slim/App.php:302
[19-Jan-2016 21:34:22 UTC] PHP   4. Slim\App->callMiddlewareStack($req = *uninitialized*, $res = *uninitialized*) /home/ubuntu/workspace/resources/vendor/slim/slim/Slim/App.php:341
[19-Jan-2016 21:34:22 UTC] PHP   5. Slim\App->__invoke($request = *uninitialized*, $response = *uninitialized*) /home/ubuntu/workspace/resources/vendor/slim/slim/Slim/MiddlewareAwareTrait.php:116
[19-Jan-2016 21:34:22 UTC] PHP   6. Slim\Route->run($request = *uninitialized*, $response = *uninitialized*) /home/ubuntu/workspace/resources/vendor/slim/slim/Slim/App.php:434
[19-Jan-2016 21:34:22 UTC] PHP   7. Slim\Route->callMiddlewareStack($req = *uninitialized*, $res = *uninitialized*) /home/ubuntu/workspace/resources/vendor/slim/slim/Slim/Route.php:297
[19-Jan-2016 21:34:22 UTC] PHP   8. Slim\Route->__invoke($request = *uninitialized*, $response = *uninitialized*) /home/ubuntu/workspace/resources/vendor/slim/slim/Slim/MiddlewareAwareTrait.php:116
[19-Jan-2016 21:34:22 UTC] PHP   9. Slim\Handlers\Strategies\RequestResponse->__invoke($callable = *uninitialized*, $request = *uninitialized*, $response = *uninitialized*, $routeArguments = *uninitialized*) /home/ubuntu/workspace/resources/vendor/slim/slim/Slim/Route.php:325
[19-Jan-2016 21:34:22 UTC] PHP  10. call_user_func:{/home/ubuntu/workspace/resources/vendor/slim/slim/Slim/Handlers/Strategies/RequestResponse.php:41}(*uninitialized*, *uninitialized*, *uninitialized*, *uninitialized*) /home/ubuntu/workspace/resources/vendor/slim/slim/Slim/Handlers/Strategies/RequestResponse.php:41
[19-Jan-2016 21:34:22 UTC] PHP  11. Closure->{closure:/home/ubuntu/workspace/resources/app/main.php:9-28}($request = *uninitialized*, $response = *uninitialized*, *uninitialized*) /home/ubuntu/workspace/resources/vendor/slim/slim/Slim/Handlers/Strategies/RequestResponse.php:41
[19-Jan-2016 21:34:22 UTC] PHP Warning:  Illegal string offset 'name' in /home/ubuntu/workspace/resources/app/main.php on line 22
[19-Jan-2016 21:34:22 UTC] PHP Stack trace:
[19-Jan-2016 21:34:22 UTC] PHP   1. {main}() /home/ubuntu/workspace/resources/app/main.php:0
[19-Jan-2016 21:34:22 UTC] PHP   2. Slim\App->run($silent = *uninitialized*) /home/ubuntu/workspace/resources/app/main.php:37
[19-Jan-2016 21:34:22 UTC] PHP   3. Slim\App->process($request = *uninitialized*, $response = *uninitialized*) /home/ubuntu/workspace/resources/vendor/slim/slim/Slim/App.php:302
[19-Jan-2016 21:34:22 UTC] PHP   4. Slim\App->callMiddlewareStack($req = *uninitialized*, $res = *uninitialized*) /home/ubuntu/workspace/resources/vendor/slim/slim/Slim/App.php:341
[19-Jan-2016 21:34:22 UTC] PHP   5. Slim\App->__invoke($request = *uninitialized*, $response = *uninitialized*) /home/ubuntu/workspace/resources/vendor/slim/slim/Slim/MiddlewareAwareTrait.php:116
[19-Jan-2016 21:34:22 UTC] PHP   6. Slim\Route->run($request = *uninitialized*, $response = *uninitialized*) /home/ubuntu/workspace/resources/vendor/slim/slim/Slim/App.php:434
[19-Jan-2016 21:34:22 UTC] PHP   7. Slim\Route->callMiddlewareStack($req = *uninitialized*, $res = *uninitialized*) /home/ubuntu/workspace/resources/vendor/slim/slim/Slim/Route.php:297
[19-Jan-2016 21:34:22 UTC] PHP   8. Slim\Route->__invoke($request = *uninitialized*, $response = *uninitialized*) /home/ubuntu/workspace/resources/vendor/slim/slim/Slim/MiddlewareAwareTrait.php:116
[19-Jan-2016 21:34:22 UTC] PHP   9. Slim\Handlers\Strategies\RequestResponse->__invoke($callable = *uninitialized*, $request = *uninitialized*, $response = *uninitialized*, $routeArguments = *uninitialized*) /home/ubuntu/workspace/resources/vendor/slim/slim/Slim/Route.php:325
[19-Jan-2016 21:34:22 UTC] PHP  10. call_user_func:{/home/ubuntu/workspace/resources/vendor/slim/slim/Slim/Handlers/Strategies/RequestResponse.php:41}(*uninitialized*, *uninitialized*, *uninitialized*, *uninitialized*) /home/ubuntu/workspace/resources/vendor/slim/slim/Slim/Handlers/Strategies/RequestResponse.php:41
[19-Jan-2016 21:34:22 UTC] PHP  11. Closure->{closure:/home/ubuntu/workspace/resources/app/main.php:9-28}($request = *uninitialized*, $response = *uninitialized*, *uninitialized*) /home/ubuntu/workspace/resources/vendor/slim/slim/Slim/Handlers/Strategies/RequestResponse.php:41
[19-Jan-2016 21:44:05 UTC] PHP Warning:  PDO::__construct() expects parameter 3 to be string, array given in /home/ubuntu/workspace/resources/app/main.php on line 16
[19-Jan-2016 21:44:05 UTC] PHP Stack trace:
[19-Jan-2016 21:44:05 UTC] PHP   1. {main}() /home/ubuntu/workspace/resources/app/main.php:0
[19-Jan-2016 21:44:05 UTC] PHP   2. Slim\App->run($silent = *uninitialized*) /home/ubuntu/workspace/resources/app/main.php:38
[19-Jan-2016 21:44:05 UTC] PHP   3. Slim\App->process($request = *uninitialized*, $response = *uninitialized*) /home/ubuntu/workspace/resources/vendor/slim/slim/Slim/App.php:302
[19-Jan-2016 21:44:05 UTC] PHP   4. Slim\App->callMiddlewareStack($req = *uninitialized*, $res = *uninitialized*) /home/ubuntu/workspace/resources/vendor/slim/slim/Slim/App.php:341
[19-Jan-2016 21:44:05 UTC] PHP   5. Slim\App->__invoke($request = *uninitialized*, $response = *uninitialized*) /home/ubuntu/workspace/resources/vendor/slim/slim/Slim/MiddlewareAwareTrait.php:116
[19-Jan-2016 21:44:05 UTC] PHP   6. Slim\Route->run($request = *uninitialized*, $response = *uninitialized*) /home/ubuntu/workspace/resources/vendor/slim/slim/Slim/App.php:434
[19-Jan-2016 21:44:05 UTC] PHP   7. Slim\Route->callMiddlewareStack($req = *uninitialized*, $res = *uninitialized*) /home/ubuntu/workspace/resources/vendor/slim/slim/Slim/Route.php:297
[19-Jan-2016 21:44:05 UTC] PHP   8. Slim\Route->__invoke($request = *uninitialized*, $response = *uninitialized*) /home/ubuntu/workspace/resources/vendor/slim/slim/Slim/MiddlewareAwareTrait.php:116
[19-Jan-2016 21:44:05 UTC] PHP   9. Slim\Handlers\Strategies\RequestResponse->__invoke($callable = *uninitialized*, $request = *uninitialized*, $response = *uninitialized*, $routeArguments = *uninitialized*) /home/ubuntu/workspace/resources/vendor/slim/slim/Slim/Route.php:325
[19-Jan-2016 21:44:05 UTC] PHP  10. call_user_func:{/home/ubuntu/workspace/resources/vendor/slim/slim/Slim/Handlers/Strategies/RequestResponse.php:41}(*uninitialized*, *uninitialized*, *uninitialized*, *uninitialized*) /home/ubuntu/workspace/resources/vendor/slim/slim/Slim/Handlers/Strategies/RequestResponse.php:41
[19-Jan-2016 21:44:05 UTC] PHP  11. Closure->{closure:/home/ubuntu/workspace/resources/app/main.php:9-29}($request = *uninitialized*, $response = *uninitialized*, *uninitialized*) /home/ubuntu/workspace/resources/vendor/slim/slim/Slim/Handlers/Strategies/RequestResponse.php:41
[19-Jan-2016 21:44:05 UTC] PHP  12. PDO->__construct(*uninitialized*, *uninitialized*, *uninitialized*) /home/ubuntu/workspace/resources/app/main.php:16
[19-Jan-2016 21:44:05 UTC] PHP Fatal error:  Call to a member function prepare() on a non-object in /home/ubuntu/workspace/resources/app/main.php on line 17
[19-Jan-2016 21:44:05 UTC] PHP Stack trace:
[19-Jan-2016 21:44:05 UTC] PHP   1. {main}() /home/ubuntu/workspace/resources/app/main.php:0
[19-Jan-2016 21:44:05 UTC] PHP   2. Slim\App->run($silent = *uninitialized*) /home/ubuntu/workspace/resources/app/main.php:38
[19-Jan-2016 21:44:05 UTC] PHP   3. Slim\App->process($request = *uninitialized*, $response = *uninitialized*) /home/ubuntu/workspace/resources/vendor/slim/slim/Slim/App.php:302
[19-Jan-2016 21:44:05 UTC] PHP   4. Slim\App->callMiddlewareStack($req = *uninitialized*, $res = *uninitialized*) /home/ubuntu/workspace/resources/vendor/slim/slim/Slim/App.php:341
[19-Jan-2016 21:44:05 UTC] PHP   5. Slim\App->__invoke($request = *uninitialized*, $response = *uninitialized*) /home/ubuntu/workspace/resources/vendor/slim/slim/Slim/MiddlewareAwareTrait.php:116
[19-Jan-2016 21:44:05 UTC] PHP   6. Slim\Route->run($request = *uninitialized*, $response = *uninitialized*) /home/ubuntu/workspace/resources/vendor/slim/slim/Slim/App.php:434
[19-Jan-2016 21:44:05 UTC] PHP   7. Slim\Route->callMiddlewareStack($req = *uninitialized*, $res = *uninitialized*) /home/ubuntu/workspace/resources/vendor/slim/slim/Slim/Route.php:297
[19-Jan-2016 21:44:05 UTC] PHP   8. Slim\Route->__invoke($request = *uninitialized*, $response = *uninitialized*) /home/ubuntu/workspace/resources/vendor/slim/slim/Slim/MiddlewareAwareTrait.php:116
[19-Jan-2016 21:44:05 UTC] PHP   9. Slim\Handlers\Strategies\RequestResponse->__invoke($callable = *uninitialized*, $request = *uninitialized*, $response = *uninitialized*, $routeArguments = *uninitialized*) /home/ubuntu/workspace/resources/vendor/slim/slim/Slim/Route.php:325
[19-Jan-2016 21:44:05 UTC] PHP  10. call_user_func:{/home/ubuntu/workspace/resources/vendor/slim/slim/Slim/Handlers/Strategies/RequestResponse.php:41}(*uninitialized*, *uninitialized*, *uninitialized*, *uninitialized*) /home/ubuntu/workspace/resources/vendor/slim/slim/Slim/Handlers/Strategies/RequestResponse.php:41
[19-Jan-2016 21:44:05 UTC] PHP  11. Closure->{closure:/home/ubuntu/workspace/resources/app/main.php:9-29}($request = *uninitialized*, $response = *uninitialized*, *uninitialized*) /home/ubuntu/workspace/resources/vendor/slim/slim/Slim/Handlers/Strategies/RequestResponse.php:41
[19-Jan-2016 21:44:22 UTC] PHP Warning:  PDO::__construct() expects parameter 3 to be string, array given in /home/ubuntu/workspace/resources/app/main.php on line 16
[19-Jan-2016 21:44:22 UTC] PHP Stack trace:
[19-Jan-2016 21:44:22 UTC] PHP   1. {main}() /home/ubuntu/workspace/resources/app/main.php:0
[19-Jan-2016 21:44:22 UTC] PHP   2. Slim\App->run($silent = *uninitialized*) /home/ubuntu/workspace/resources/app/main.php:38
[19-Jan-2016 21:44:22 UTC] PHP   3. Slim\App->process($request = *uninitialized*, $response = *uninitialized*) /home/ubuntu/workspace/resources/vendor/slim/slim/Slim/App.php:302
[19-Jan-2016 21:44:22 UTC] PHP   4. Slim\App->callMiddlewareStack($req = *uninitialized*, $res = *uninitialized*) /home/ubuntu/workspace/resources/vendor/slim/slim/Slim/App.php:341
[19-Jan-2016 21:44:22 UTC] PHP   5. Slim\App->__invoke($request = *uninitialized*, $response = *uninitialized*) /home/ubuntu/workspace/resources/vendor/slim/slim/Slim/MiddlewareAwareTrait.php:116
[19-Jan-2016 21:44:22 UTC] PHP   6. Slim\Route->run($request = *uninitialized*, $response = *uninitialized*) /home/ubuntu/workspace/resources/vendor/slim/slim/Slim/App.php:434
[19-Jan-2016 21:44:22 UTC] PHP   7. Slim\Route->callMiddlewareStack($req = *uninitialized*, $res = *uninitialized*) /home/ubuntu/workspace/resources/vendor/slim/slim/Slim/Route.php:297
[19-Jan-2016 21:44:22 UTC] PHP   8. Slim\Route->__invoke($request = *uninitialized*, $response = *uninitialized*) /home/ubuntu/workspace/resources/vendor/slim/slim/Slim/MiddlewareAwareTrait.php:116
[19-Jan-2016 21:44:22 UTC] PHP   9. Slim\Handlers\Strategies\RequestResponse->__invoke($callable = *uninitialized*, $request = *uninitialized*, $response = *uninitialized*, $routeArguments = *uninitialized*) /home/ubuntu/workspace/resources/vendor/slim/slim/Slim/Route.php:325
[19-Jan-2016 21:44:22 UTC] PHP  10. call_user_func:{/home/ubuntu/workspace/resources/vendor/slim/slim/Slim/Handlers/Strategies/RequestResponse.php:41}(*uninitialized*, *uninitialized*, *uninitialized*, *uninitialized*) /home/ubuntu/workspace/resources/vendor/slim/slim/Slim/Handlers/Strategies/RequestResponse.php:41
[19-Jan-2016 21:44:22 UTC] PHP  11. Closure->{closure:/home/ubuntu/workspace/resources/app/main.php:9-29}($request = *uninitialized*, $response = *uninitialized*, *uninitialized*) /home/ubuntu/workspace/resources/vendor/slim/slim/Slim/Handlers/Strategies/RequestResponse.php:41
[19-Jan-2016 21:44:22 UTC] PHP  12. PDO->__construct(*uninitialized*, *uninitialized*, *uninitialized*) /home/ubuntu/workspace/resources/app/main.php:16
[19-Jan-2016 21:44:22 UTC] PHP Fatal error:  Call to a member function prepare() on a non-object in /home/ubuntu/workspace/resources/app/main.php on line 17
[19-Jan-2016 21:44:22 UTC] PHP Stack trace:
[19-Jan-2016 21:44:22 UTC] PHP   1. {main}() /home/ubuntu/workspace/resources/app/main.php:0
[19-Jan-2016 21:44:22 UTC] PHP   2. Slim\App->run($silent = *uninitialized*) /home/ubuntu/workspace/resources/app/main.php:38
[19-Jan-2016 21:44:22 UTC] PHP   3. Slim\App->process($request = *uninitialized*, $response = *uninitialized*) /home/ubuntu/workspace/resources/vendor/slim/slim/Slim/App.php:302
[19-Jan-2016 21:44:22 UTC] PHP   4. Slim\App->callMiddlewareStack($req = *uninitialized*, $res = *uninitialized*) /home/ubuntu/workspace/resources/vendor/slim/slim/Slim/App.php:341
[19-Jan-2016 21:44:22 UTC] PHP   5. Slim\App->__invoke($request = *uninitialized*, $response = *uninitialized*) /home/ubuntu/workspace/resources/vendor/slim/slim/Slim/MiddlewareAwareTrait.php:116
[19-Jan-2016 21:44:22 UTC] PHP   6. Slim\Route->run($request = *uninitialized*, $response = *uninitialized*) /home/ubuntu/workspace/resources/vendor/slim/slim/Slim/App.php:434
[19-Jan-2016 21:44:22 UTC] PHP   7. Slim\Route->callMiddlewareStack($req = *uninitialized*, $res = *uninitialized*) /home/ubuntu/workspace/resources/vendor/slim/slim/Slim/Route.php:297
[19-Jan-2016 21:44:22 UTC] PHP   8. Slim\Route->__invoke($request = *uninitialized*, $response = *uninitialized*) /home/ubuntu/workspace/resources/vendor/slim/slim/Slim/MiddlewareAwareTrait.php:116
[19-Jan-2016 21:44:22 UTC] PHP   9. Slim\Handlers\Strategies\RequestResponse->__invoke($callable = *uninitialized*, $request = *uninitialized*, $response = *uninitialized*, $routeArguments = *uninitialized*) /home/ubuntu/workspace/resources/vendor/slim/slim/Slim/Route.php:325
[19-Jan-2016 21:44:22 UTC] PHP  10. call_user_func:{/home/ubuntu/workspace/resources/vendor/slim/slim/Slim/Handlers/Strategies/RequestResponse.php:41}(*uninitialized*, *uninitialized*, *uninitialized*, *uninitialized*) /home/ubuntu/workspace/resources/vendor/slim/slim/Slim/Handlers/Strategies/RequestResponse.php:41
[19-Jan-2016 21:44:22 UTC] PHP  11. Closure->{closure:/home/ubuntu/workspace/resources/app/main.php:9-29}($request = *uninitialized*, $response = *uninitialized*, *uninitialized*) /home/ubuntu/workspace/resources/vendor/slim/slim/Slim/Handlers/Strategies/RequestResponse.php:41
[19-Jan-2016 21:45:07 UTC] PHP Warning:  fwrite() expects parameter 2 to be string, array given in /home/ubuntu/workspace/resources/vendor/slim/slim/Slim/Http/Stream.php on line 383
[19-Jan-2016 21:45:07 UTC] PHP Stack trace:
[19-Jan-2016 21:45:07 UTC] PHP   1. {main}() /home/ubuntu/workspace/resources/app/main.php:0
[19-Jan-2016 21:45:07 UTC] PHP   2. Slim\App->run($silent = *uninitialized*) /home/ubuntu/workspace/resources/app/main.php:38
[19-Jan-2016 21:45:07 UTC] PHP   3. Slim\App->process($request = *uninitialized*, $response = *uninitialized*) /home/ubuntu/workspace/resources/vendor/slim/slim/Slim/App.php:302
[19-Jan-2016 21:45:07 UTC] PHP   4. Slim\App->callMiddlewareStack($req = *uninitialized*, $res = *uninitialized*) /home/ubuntu/workspace/resources/vendor/slim/slim/Slim/App.php:341
[19-Jan-2016 21:45:07 UTC] PHP   5. Slim\App->__invoke($request = *uninitialized*, $response = *uninitialized*) /home/ubuntu/workspace/resources/vendor/slim/slim/Slim/MiddlewareAwareTrait.php:116
[19-Jan-2016 21:45:07 UTC] PHP   6. Slim\Route->run($request = *uninitialized*, $response = *uninitialized*) /home/ubuntu/workspace/resources/vendor/slim/slim/Slim/App.php:434
[19-Jan-2016 21:45:07 UTC] PHP   7. Slim\Route->callMiddlewareStack($req = *uninitialized*, $res = *uninitialized*) /home/ubuntu/workspace/resources/vendor/slim/slim/Slim/Route.php:297
[19-Jan-2016 21:45:07 UTC] PHP   8. Slim\Route->__invoke($request = *uninitialized*, $response = *uninitialized*) /home/ubuntu/workspace/resources/vendor/slim/slim/Slim/MiddlewareAwareTrait.php:116
[19-Jan-2016 21:45:07 UTC] PHP   9. Slim\Handlers\Strategies\RequestResponse->__invoke($callable = *uninitialized*, $request = *uninitialized*, $response = *uninitialized*, $routeArguments = *uninitialized*) /home/ubuntu/workspace/resources/vendor/slim/slim/Slim/Route.php:325
[19-Jan-2016 21:45:07 UTC] PHP  10. call_user_func:{/home/ubuntu/workspace/resources/vendor/slim/slim/Slim/Handlers/Strategies/RequestResponse.php:41}(*uninitialized*, *uninitialized*, *uninitialized*, *uninitialized*) /home/ubuntu/workspace/resources/vendor/slim/slim/Slim/Handlers/Strategies/RequestResponse.php:41
[19-Jan-2016 21:45:07 UTC] PHP  11. Closure->{closure:/home/ubuntu/workspace/resources/app/main.php:9-29}($request = *uninitialized*, $response = *uninitialized*, *uninitialized*) /home/ubuntu/workspace/resources/vendor/slim/slim/Slim/Handlers/Strategies/RequestResponse.php:41
[19-Jan-2016 21:45:07 UTC] PHP  12. Slim\Http\Stream->write($string = *uninitialized*) /home/ubuntu/workspace/resources/app/main.php:26
[19-Jan-2016 21:45:07 UTC] PHP  13. fwrite(*uninitialized*, *uninitialized*) /home/ubuntu/workspace/resources/vendor/slim/slim/Slim/Http/Stream.php:383
[19-Jan-2016 21:45:18 UTC] PHP Warning:  fwrite() expects parameter 2 to be string, array given in /home/ubuntu/workspace/resources/vendor/slim/slim/Slim/Http/Stream.php on line 383
[19-Jan-2016 21:45:18 UTC] PHP Stack trace:
[19-Jan-2016 21:45:18 UTC] PHP   1. {main}() /home/ubuntu/workspace/resources/app/main.php:0
[19-Jan-2016 21:45:18 UTC] PHP   2. Slim\App->run($silent = *uninitialized*) /home/ubuntu/workspace/resources/app/main.php:38
[19-Jan-2016 21:45:18 UTC] PHP   3. Slim\App->process($request = *uninitialized*, $response = *uninitialized*) /home/ubuntu/workspace/resources/vendor/slim/slim/Slim/App.php:302
[19-Jan-2016 21:45:18 UTC] PHP   4. Slim\App->callMiddlewareStack($req = *uninitialized*, $res = *uninitialized*) /home/ubuntu/workspace/resources/vendor/slim/slim/Slim/App.php:341
[19-Jan-2016 21:45:18 UTC] PHP   5. Slim\App->__invoke($request = *uninitialized*, $response = *uninitialized*) /home/ubuntu/workspace/resources/vendor/slim/slim/Slim/MiddlewareAwareTrait.php:116
[19-Jan-2016 21:45:18 UTC] PHP   6. Slim\Route->run($request = *uninitialized*, $response = *uninitialized*) /home/ubuntu/workspace/resources/vendor/slim/slim/Slim/App.php:434
[19-Jan-2016 21:45:18 UTC] PHP   7. Slim\Route->callMiddlewareStack($req = *uninitialized*, $res = *uninitialized*) /home/ubuntu/workspace/resources/vendor/slim/slim/Slim/Route.php:297
[19-Jan-2016 21:45:18 UTC] PHP   8. Slim\Route->__invoke($request = *uninitialized*, $response = *uninitialized*) /home/ubuntu/workspace/resources/vendor/slim/slim/Slim/MiddlewareAwareTrait.php:116
[19-Jan-2016 21:45:18 UTC] PHP   9. Slim\Handlers\Strategies\RequestResponse->__invoke($callable = *uninitialized*, $request = *uninitialized*, $response = *uninitialized*, $routeArguments = *uninitialized*) /home/ubuntu/workspace/resources/vendor/slim/slim/Slim/Route.php:325
[19-Jan-2016 21:45:18 UTC] PHP  10. call_user_func:{/home/ubuntu/workspace/resources/vendor/slim/slim/Slim/Handlers/Strategies/RequestResponse.php:41}(*uninitialized*, *uninitialized*, *uninitialized*, *uninitialized*) /home/ubuntu/workspace/resources/vendor/slim/slim/Slim/Handlers/Strategies/RequestResponse.php:41
[19-Jan-2016 21:45:18 UTC] PHP  11. Closure->{closure:/home/ubuntu/workspace/resources/app/main.php:9-29}($request = *uninitialized*, $response = *uninitialized*, *uninitialized*) /home/ubuntu/workspace/resources/vendor/slim/slim/Slim/Handlers/Strategies/RequestResponse.php:41
[19-Jan-2016 21:45:18 UTC] PHP  12. Slim\Http\Stream->write($string = *uninitialized*) /home/ubuntu/workspace/resources/app/main.php:26
[19-Jan-2016 21:45:18 UTC] PHP  13. fwrite(*uninitialized*, *uninitialized*) /home/ubuntu/workspace/resources/vendor/slim/slim/Slim/Http/Stream.php:383
[19-Jan-2016 21:47:18 UTC] PHP Warning:  fwrite() expects parameter 2 to be string, array given in /home/ubuntu/workspace/resources/vendor/slim/slim/Slim/Http/Stream.php on line 383
[19-Jan-2016 21:47:18 UTC] PHP Stack trace:
[19-Jan-2016 21:47:18 UTC] PHP   1. {main}() /home/ubuntu/workspace/resources/app/main.php:0
[19-Jan-2016 21:47:18 UTC] PHP   2. Slim\App->run($silent = *uninitialized*) /home/ubuntu/workspace/resources/app/main.php:38
[19-Jan-2016 21:47:18 UTC] PHP   3. Slim\App->process($request = *uninitialized*, $response = *uninitialized*) /home/ubuntu/workspace/resources/vendor/slim/slim/Slim/App.php:302
[19-Jan-2016 21:47:18 UTC] PHP   4. Slim\App->callMiddlewareStack($req = *uninitialized*, $res = *uninitialized*) /home/ubuntu/workspace/resources/vendor/slim/slim/Slim/App.php:341
[19-Jan-2016 21:47:18 UTC] PHP   5. Slim\App->__invoke($request = *uninitialized*, $response = *uninitialized*) /home/ubuntu/workspace/resources/vendor/slim/slim/Slim/MiddlewareAwareTrait.php:116
[19-Jan-2016 21:47:18 UTC] PHP   6. Slim\Route->run($request = *uninitialized*, $response = *uninitialized*) /home/ubuntu/workspace/resources/vendor/slim/slim/Slim/App.php:434
[19-Jan-2016 21:47:18 UTC] PHP   7. Slim\Route->callMiddlewareStack($req = *uninitialized*, $res = *uninitialized*) /home/ubuntu/workspace/resources/vendor/slim/slim/Slim/Route.php:297
[19-Jan-2016 21:47:18 UTC] PHP   8. Slim\Route->__invoke($request = *uninitialized*, $response = *uninitialized*) /home/ubuntu/workspace/resources/vendor/slim/slim/Slim/MiddlewareAwareTrait.php:116
[19-Jan-2016 21:47:18 UTC] PHP   9. Slim\Handlers\Strategies\RequestResponse->__invoke($callable = *uninitialized*, $request = *uninitialized*, $response = *uninitialized*, $routeArguments = *uninitialized*) /home/ubuntu/workspace/resources/vendor/slim/slim/Slim/Route.php:325
[19-Jan-2016 21:47:18 UTC] PHP  10. call_user_func:{/home/ubuntu/workspace/resources/vendor/slim/slim/Slim/Handlers/Strategies/RequestResponse.php:41}(*uninitialized*, *uninitialized*, *uninitialized*, *uninitialized*) /home/ubuntu/workspace/resources/vendor/slim/slim/Slim/Handlers/Strategies/RequestResponse.php:41
[19-Jan-2016 21:47:18 UTC] PHP  11. Closure->{closure:/home/ubuntu/workspace/resources/app/main.php:9-29}($request = *uninitialized*, $response = *uninitialized*, *uninitialized*) /home/ubuntu/workspace/resources/vendor/slim/slim/Slim/Handlers/Strategies/RequestResponse.php:41
[19-Jan-2016 21:47:18 UTC] PHP  12. Slim\Http\Stream->write($string = *uninitialized*) /home/ubuntu/workspace/resources/app/main.php:26
[19-Jan-2016 21:47:18 UTC] PHP  13. fwrite(*uninitialized*, *uninitialized*) /home/ubuntu/workspace/resources/vendor/slim/slim/Slim/Http/Stream.php:383
[19-Jan-2016 21:48:23 UTC] PHP Warning:  fwrite() expects parameter 2 to be string, array given in /home/ubuntu/workspace/resources/vendor/slim/slim/Slim/Http/Stream.php on line 383
[19-Jan-2016 21:48:23 UTC] PHP Stack trace:
[19-Jan-2016 21:48:23 UTC] PHP   1. {main}() /home/ubuntu/workspace/resources/app/main.php:0
[19-Jan-2016 21:48:23 UTC] PHP   2. Slim\App->run($silent = *uninitialized*) /home/ubuntu/workspace/resources/app/main.php:38
[19-Jan-2016 21:48:23 UTC] PHP   3. Slim\App->process($request = *uninitialized*, $response = *uninitialized*) /home/ubuntu/workspace/resources/vendor/slim/slim/Slim/App.php:302
[19-Jan-2016 21:48:23 UTC] PHP   4. Slim\App->callMiddlewareStack($req = *uninitialized*, $res = *uninitialized*) /home/ubuntu/workspace/resources/vendor/slim/slim/Slim/App.php:341
[19-Jan-2016 21:48:23 UTC] PHP   5. Slim\App->__invoke($request = *uninitialized*, $response = *uninitialized*) /home/ubuntu/workspace/resources/vendor/slim/slim/Slim/MiddlewareAwareTrait.php:116
[19-Jan-2016 21:48:23 UTC] PHP   6. Slim\Route->run($request = *uninitialized*, $response = *uninitialized*) /home/ubuntu/workspace/resources/vendor/slim/slim/Slim/App.php:434
[19-Jan-2016 21:48:23 UTC] PHP   7. Slim\Route->callMiddlewareStack($req = *uninitialized*, $res = *uninitialized*) /home/ubuntu/workspace/resources/vendor/slim/slim/Slim/Route.php:297
[19-Jan-2016 21:48:23 UTC] PHP   8. Slim\Route->__invoke($request = *uninitialized*, $response = *uninitialized*) /home/ubuntu/workspace/resources/vendor/slim/slim/Slim/MiddlewareAwareTrait.php:116
[19-Jan-2016 21:48:23 UTC] PHP   9. Slim\Handlers\Strategies\RequestResponse->__invoke($callable = *uninitialized*, $request = *uninitialized*, $response = *uninitialized*, $routeArguments = *uninitialized*) /home/ubuntu/workspace/resources/vendor/slim/slim/Slim/Route.php:325
[19-Jan-2016 21:48:23 UTC] PHP  10. call_user_func:{/home/ubuntu/workspace/resources/vendor/slim/slim/Slim/Handlers/Strategies/RequestResponse.php:41}(*uninitialized*, *uninitialized*, *uninitialized*, *uninitialized*) /home/ubuntu/workspace/resources/vendor/slim/slim/Slim/Handlers/Strategies/RequestResponse.php:41
[19-Jan-2016 21:48:23 UTC] PHP  11. Closure->{closure:/home/ubuntu/workspace/resources/app/main.php:9-29}($request = *uninitialized*, $response = *uninitialized*, *uninitialized*) /home/ubuntu/workspace/resources/vendor/slim/slim/Slim/Handlers/Strategies/RequestResponse.php:41
[19-Jan-2016 21:48:23 UTC] PHP  12. Slim\Http\Stream->write($string = *uninitialized*) /home/ubuntu/workspace/resources/app/main.php:26
[19-Jan-2016 21:48:23 UTC] PHP  13. fwrite(*uninitialized*, *uninitialized*) /home/ubuntu/workspace/resources/vendor/slim/slim/Slim/Http/Stream.php:383
[19-Jan-2016 22:25:26 UTC] PHP Parse error:  syntax error, unexpected '$stmt1' (T_VARIABLE) in /home/ubuntu/workspace/resources/app/main.php on line 25
